2023-04-03 00:21:24.210123 - Initialized conversion of CBT449
2023-04-03 00:21:24.454162 - Received CBT.V504.FILE449.PDS from FILE449.XMI 
2023-04-03 00:21:24.456956 - Found @@BOOK@@.txt (text/plain) in CBT.V504.FILE449.PDS, moved to PDS/@@BOOK@@
2023-04-03 00:21:24.458014 - Found @FILE449.txt (text/plain) in CBT.V504.FILE449.PDS, moved to PDS/@FILE449
2023-04-03 00:21:24.459107 - Found BKMGRCPS.txt (text/plain) in CBT.V504.FILE449.PDS, moved to PDS/BKMGRCPS
2023-04-03 00:21:24.460042 - Found BKMGRCSA.txt (text/plain) in CBT.V504.FILE449.PDS, moved to PDS/BKMGRCSA
2023-04-03 00:21:24.461123 - Found BKMGRHST.txt (text/plain) in CBT.V504.FILE449.PDS, moved to PDS/BKMGRHST
2023-04-03 00:21:24.462227 - Found BKMGRINF.txt (text/plain) in CBT.V504.FILE449.PDS, moved to PDS/BKMGRINF
2023-04-03 00:21:24.463381 - Found BKMGRLOC.txt (text/plain) in CBT.V504.FILE449.PDS, moved to PDS/BKMGRLOC
2023-04-03 00:21:24.464423 - Found BKMGRLPA.txt (text/plain) in CBT.V504.FILE449.PDS, moved to PDS/BKMGRLPA
2023-04-03 00:21:24.465397 - Found BOOKCSA.txt (text/plain) in CBT.V504.FILE449.PDS, moved to PDS/BOOKCSA
2023-04-03 00:21:24.466672 - Found BOOKMGRX.rexx (text/plain) in CBT.V504.FILE449.PDS, moved to PDS/BOOKMGRX
2023-04-03 00:21:24.467830 - Found BOOKSACE.jcl (text/plain) in CBT.V504.FILE449.PDS, moved to PDS/BOOKSACE
2023-04-03 00:21:24.468857 - Found BOOKSEXT.jcl (text/plain) in CBT.V504.FILE449.PDS, moved to PDS/BOOKSEXT
2023-04-03 00:21:24.469804 - Found CCCBKACE.txt (text/plain) in CBT.V504.FILE449.PDS, moved to PDS/CCCBKACE
2023-04-03 00:21:24.470759 - Found CCCBKCPS.txt (text/plain) in CBT.V504.FILE449.PDS, moved to PDS/CCCBKCPS
2023-04-03 00:21:24.471925 - Found CCCBKDAT.txt (text/plain) in CBT.V504.FILE449.PDS, moved to PDS/CCCBKDAT
2023-04-03 00:21:24.473183 - Found CCCBKDEF.txt (text/plain) in CBT.V504.FILE449.PDS, moved to PDS/CCCBKDEF
2023-04-03 00:21:24.474201 - Found CCCBKDSN.txt (text/plain) in CBT.V504.FILE449.PDS, moved to PDS/CCCBKDSN
2023-04-03 00:21:24.475159 - Found CCCBKEXT.txt (text/plain) in CBT.V504.FILE449.PDS, moved to PDS/CCCBKEXT
2023-04-03 00:21:24.476371 - Found CCCBKLOC.txt (text/plain) in CBT.V504.FILE449.PDS, moved to PDS/CCCBKLOC
2023-04-03 00:21:24.477315 - Found CCCBKPUB.txt (text/plain) in CBT.V504.FILE449.PDS, moved to PDS/CCCBKPUB
2023-04-03 00:21:24.478243 - Found CCCBKSRV.txt (text/plain) in CBT.V504.FILE449.PDS, moved to PDS/CCCBKSRV
2023-04-03 00:21:24.479356 - Found CCCLOCAT.txt (text/plain) in CBT.V504.FILE449.PDS, moved to PDS/CCCLOCAT
2023-04-03 00:21:24.480378 - Found REXXCOMP.jcl (text/plain) in CBT.V504.FILE449.PDS, moved to PDS/REXXCOMP
